Using pre-set license
Built from '2020.3/staging' branch; Version is '2020.3.24f1 (79c78de19888) revision 7980941'; Using compiler version '192528614'; Build Type 'Release'
OS: 'Windows 11  (10.0.22000) 64bit CoreSingleLanguage' Language: 'en' Physical Memory: 7600 MB
BatchMode: 1, IsHumanControllingUs: 0, StartBugReporterOnCrash: 0, Is64bit: 1, IsPro: 0

COMMAND LINE ARGUMENTS:
C:\Program Files\Unity\2020.3.24f1\Editor\Unity.exe
-adb2
-batchMode
-noUpm
-name
AssetImportWorker0
-projectPath
C:/Repositories/Games
-logFile
Logs/AssetImportWorker0.log
-srvPort
49164
Successfully changed project path to: C:/Repositories/Games
C:/Repositories/Games
Using Asset Import Pipeline V2.
Refreshing native plugins compatible for Editor in 79.25 ms, found 2 plugins.
Preloading 0 native plugins for Editor in 0.00 ms.
Initialize engine version: 2020.3.24f1 (79c78de19888)
[Subsystems] Discovering subsystems at path C:/Program Files/Unity/2020.3.24f1/Editor/Data/Resources/UnitySubsystems
[Subsystems] Discovering subsystems at path C:/Repositories/Games/Assets
GfxDevice: creating device client; threaded=0
Direct3D:
    Version:  Direct3D 11.0 [level 11.1]
    Renderer: NVIDIA GeForce GTX 1650 (ID=0x1f9d)
    Vendor:   
    VRAM:     3962 MB
    Driver:   30.0.14.9649
Initialize mono
Mono path[0] = 'C:/Program Files/Unity/2020.3.24f1/Editor/Data/Managed'
Mono path[1] = 'C:/Program Files/Unity/2020.3.24f1/Editor/Data/MonoBleedingEdge/lib/mono/unityjit'
Mono config path = 'C:/Program Files/Unity/2020.3.24f1/Editor/Data/MonoBleedingEdge/etc'
Using monoOptions --debugger-agent=transport=dt_socket,embedding=1,server=y,suspend=n,address=127.0.0.1:56672
Begin MonoManager ReloadAssembly
Registering precompiled unity dll's ...
Register platform support module: C:/Program Files/Unity/2020.3.24f1/Editor/Data/PlaybackEngines/WebGLSupport/UnityEditor.WebGL.Extensions.dll
Register platform support module: C:/Program Files/Unity/2020.3.24f1/Editor/Data/PlaybackEngines/WindowsStandaloneSupport/UnityEditor.WindowsStandalone.Extensions.dll
Registered in 0.004324 seconds.
Native extension for WindowsStandalone target not found
Native extension for WebGL target not found
Refreshing native plugins compatible for Editor in 52.65 ms, found 2 plugins.
Preloading 0 native plugins for Editor in 0.00 ms.
Mono: successfully reloaded assembly
- Completed reload, in  0.522 seconds
Domain Reload Profiling:
	ReloadAssembly (522ms)
		BeginReloadAssembly (47ms)
			ExecutionOrderSort (0ms)
			DisableScriptedObjects (0ms)
			BackupInstance (0ms)
			ReleaseScriptingObjects (0ms)
			CreateAndSetChildDomain (1ms)
		EndReloadAssembly (410ms)
			LoadAssemblies (46ms)
			RebuildTransferFunctionScriptingTraits (0ms)
			SetupTypeCache (129ms)
			ReleaseScriptCaches (0ms)
			RebuildScriptCaches (25ms)
			SetupLoadedEditorAssemblies (157ms)
				LogAssemblyErrors (0ms)
				InitializePlatformSupportModulesInManaged (4ms)
				SetLoadedEditorAssemblies (0ms)
				RefreshPlugins (53ms)
				BeforeProcessingInitializeOnLoad (14ms)
				ProcessInitializeOnLoadAttributes (63ms)
				ProcessInitializeOnLoadMethodAttributes (22ms)
				AfterProcessingInitializeOnLoad (0ms)
				EditorAssembliesLoaded (0ms)
			ExecutionOrderSort2 (0ms)
			AwakeInstancesAfterBackupRestoration (0ms)
Platform modules already initialized, skipping
Registering precompiled user dll's ...
Registered in 0.022279 seconds.
Begin MonoManager ReloadAssembly
Native extension for WindowsStandalone target not found
Native extension for WebGL target not found
Refreshing native plugins compatible for Editor in 0.82 ms, found 2 plugins.
Preloading 0 native plugins for Editor in 0.00 ms.
Mono: successfully reloaded assembly
- Completed reload, in  1.056 seconds
Domain Reload Profiling:
	ReloadAssembly (1057ms)
		BeginReloadAssembly (125ms)
			ExecutionOrderSort (0ms)
			DisableScriptedObjects (4ms)
			BackupInstance (0ms)
			ReleaseScriptingObjects (0ms)
			CreateAndSetChildDomain (17ms)
		EndReloadAssembly (874ms)
			LoadAssemblies (138ms)
			RebuildTransferFunctionScriptingTraits (0ms)
			SetupTypeCache (279ms)
			ReleaseScriptCaches (0ms)
			RebuildScriptCaches (44ms)
			SetupLoadedEditorAssemblies (333ms)
				LogAssemblyErrors (0ms)
				InitializePlatformSupportModulesInManaged (4ms)
				SetLoadedEditorAssemblies (0ms)
				RefreshPlugins (1ms)
				BeforeProcessingInitializeOnLoad (82ms)
				ProcessInitializeOnLoadAttributes (195ms)
				ProcessInitializeOnLoadMethodAttributes (44ms)
				AfterProcessingInitializeOnLoad (6ms)
				EditorAssembliesLoaded (0ms)
			ExecutionOrderSort2 (0ms)
			AwakeInstancesAfterBackupRestoration (5ms)
Platform modules already initialized, skipping
========================================================================
Worker process is ready to serve import requests
Launched and connected shader compiler UnityShaderCompiler.exe after 0.08 seconds
Refreshing native plugins compatible for Editor in 0.73 ms, found 2 plugins.
Preloading 0 native plugins for Editor in 0.00 ms.
Unloading 2454 Unused Serialized files (Serialized files now loaded: 0)
System memory in use before: 100.2 MB.
System memory in use after: 100.4 MB.

Unloading 62 unused Assets to reduce memory usage. Loaded Objects now: 2857.
Total: 6.770300 ms (FindLiveObjects: 0.286300 ms CreateObjectMapping: 0.088600 ms MarkObjects: 6.305200 ms  DeleteObjects: 0.088500 ms)

AssetImportParameters requested are different than current active one (requested -> active):
  custom:framework-win-MediaFoundation: 216162199b28c13a410421893ffa2e32 -> 
  custom:video-decoder-ogg-theora: a1e56fd34408186e4bbccfd4996cb3dc -> 
  custom:container-muxer-webm: aa71ff27fc2769a1b78a27578f13a17b -> 
  custom:container-demuxer-webm: 4f35f7cbe854078d1ac9338744f61a02 -> 
  custom:container-demuxer-ogg: 62fdf1f143b41e24485cea50d1cbac27 -> 
  custom:video-encoder-webm-vp8: eb34c28f22e8b96e1ab97ce403110664 -> 
  custom:video-codec-MediaFoundation-h265: 746d11721c4dcdbdad8f713fa42b33f4 -> 
  custom:video-decoder-webm-vp8: 9c59270c3fd7afecdb556c50c9e8de78 -> 
  custom:audio-decoder-ogg-vorbis: bf7c407c2cedff20999df2af8eb42d56 -> 
  custom:audio-encoder-webm-vorbis: bf7c407c2cedff20999df2af8eb42d56 -> 
========================================================================
Received Import Request.
  path: Assets/Sprites/UI/DeltaUnity_png.png
  artifactKey: Guid(2358d0301a265ff47b6a86628c299aa4) Importer(815301076,1909f56bfc062723c751e8b465ee728b)
Start importing Assets/Sprites/UI/DeltaUnity_png.png using Guid(2358d0301a265ff47b6a86628c299aa4) Importer(815301076,1909f56bfc062723c751e8b465ee728b)  -> (artifact id: '399721221709dad4d0ad7627dbb2bc48') in 0.170688 seconds 
  Import took 0.176931 seconds .

========================================================================
Received Import Request.
  Time since last request: 0.000281 seconds.
  path: Assets/Sprites/UI/buttonLong_brown.png
  artifactKey: Guid(8f805a51e0f3a8c4a81156559b0e99e3) Importer(815301076,1909f56bfc062723c751e8b465ee728b)
Start importing Assets/Sprites/UI/buttonLong_brown.png using Guid(8f805a51e0f3a8c4a81156559b0e99e3) Importer(815301076,1909f56bfc062723c751e8b465ee728b)  -> (artifact id: '7ac20aca501f18949cbc4bf2d4212d46') in 0.019537 seconds 
  Import took 0.024327 seconds .

========================================================================
Received Import Request.
  Time since last request: 0.000302 seconds.
  path: Assets/Sprites/UI/DeltaUnityGameOver_png.png
  artifactKey: Guid(22a7005e3aba9a349a94cc7d89a698a2) Importer(815301076,1909f56bfc062723c751e8b465ee728b)
Start importing Assets/Sprites/UI/DeltaUnityGameOver_png.png using Guid(22a7005e3aba9a349a94cc7d89a698a2) Importer(815301076,1909f56bfc062723c751e8b465ee728b)  -> (artifact id: '01ea496b76d4bf06af6d3575ac8a580e') in 0.039555 seconds 
  Import took 0.044000 seconds .

========================================================================
Received Import Request.
  Time since last request: 0.000265 seconds.
  path: Assets/Sprites/UI/Credits_png.png
  artifactKey: Guid(163d9dcd9fee9c449bc3010798ea910c) Importer(815301076,1909f56bfc062723c751e8b465ee728b)
Start importing Assets/Sprites/UI/Credits_png.png using Guid(163d9dcd9fee9c449bc3010798ea910c) Importer(815301076,1909f56bfc062723c751e8b465ee728b)  -> (artifact id: '282afc76f0a41d6cacdbe3034ddf4799') in 0.018807 seconds 
  Import took 0.022696 seconds .

========================================================================
Received Import Request.
  Time since last request: 0.000319 seconds.
  path: Assets/Sprites/UI/buttonLong_brown_pressed.png
  artifactKey: Guid(65be6bace6fde72489d08255e5ea415b) Importer(815301076,1909f56bfc062723c751e8b465ee728b)
Start importing Assets/Sprites/UI/buttonLong_brown_pressed.png using Guid(65be6bace6fde72489d08255e5ea415b) Importer(815301076,1909f56bfc062723c751e8b465ee728b)  -> (artifact id: '2a944d1a6640512f8dd3960095867a82') in 0.015401 seconds 
  Import took 0.019976 seconds .

========================================================================
Received Import Request.
  Time since last request: 0.255808 seconds.
  path: Assets/Sprites/UI/buttonLong_beige_pressed.png
  artifactKey: Guid(db9cd699e14fc884d8e47b091319f82e) Importer(815301076,1909f56bfc062723c751e8b465ee728b)
Start importing Assets/Sprites/UI/buttonLong_beige_pressed.png using Guid(db9cd699e14fc884d8e47b091319f82e) Importer(815301076,1909f56bfc062723c751e8b465ee728b)  -> (artifact id: 'f0ea0d9224f672461355fa23722b8b93') in 0.013549 seconds 
  Import took 0.020349 seconds .

========================================================================
Received Import Request.
  Time since last request: 0.355042 seconds.
  path: Assets/Sprites/UI/buttonLong_beige.png
  artifactKey: Guid(00c07ea42be56da44a327bff454bc085) Importer(815301076,1909f56bfc062723c751e8b465ee728b)
Start importing Assets/Sprites/UI/buttonLong_beige.png using Guid(00c07ea42be56da44a327bff454bc085) Importer(815301076,1909f56bfc062723c751e8b465ee728b)  -> (artifact id: '67a11d2beb7e4246615738da3aa4a4d1') in 0.013053 seconds 
  Import took 0.017911 seconds .

========================================================================
Received Prepare
Registering precompiled user dll's ...
Registered in 0.010983 seconds.
Begin MonoManager ReloadAssembly
Native extension for WindowsStandalone target not found
Native extension for WebGL target not found
Refreshing native plugins compatible for Editor in 1.12 ms, found 2 plugins.
Preloading 0 native plugins for Editor in 0.00 ms.
Mono: successfully reloaded assembly
- Completed reload, in  1.024 seconds
Domain Reload Profiling:
	ReloadAssembly (1024ms)
		BeginReloadAssembly (119ms)
			ExecutionOrderSort (0ms)
			DisableScriptedObjects (5ms)
			BackupInstance (0ms)
			ReleaseScriptingObjects (0ms)
			CreateAndSetChildDomain (40ms)
		EndReloadAssembly (844ms)
			LoadAssemblies (108ms)
			RebuildTransferFunctionScriptingTraits (0ms)
			SetupTypeCache (282ms)
			ReleaseScriptCaches (1ms)
			RebuildScriptCaches (37ms)
			SetupLoadedEditorAssemblies (324ms)
				LogAssemblyErrors (0ms)
				InitializePlatformSupportModulesInManaged (5ms)
				SetLoadedEditorAssemblies (0ms)
				RefreshPlugins (1ms)
				BeforeProcessingInitializeOnLoad (74ms)
				ProcessInitializeOnLoadAttributes (201ms)
				ProcessInitializeOnLoadMethodAttributes (37ms)
				AfterProcessingInitializeOnLoad (6ms)
				EditorAssembliesLoaded (0ms)
			ExecutionOrderSort2 (0ms)
			AwakeInstancesAfterBackupRestoration (7ms)
Platform modules already initialized, skipping
Switching build target platform(19) subTarget(0) extendedPlatform(0) -> platform(13) subTarget(589824) extendedPlatform(0)
Refreshing native plugins compatible for Editor in 0.96 ms, found 2 plugins.
Preloading 0 native plugins for Editor in 0.00 ms.
Unloading 2418 Unused Serialized files (Serialized files now loaded: 0)
System memory in use before: 99.6 MB.
System memory in use after: 99.8 MB.

Unloading 53 unused Assets to reduce memory usage. Loaded Objects now: 2871.
Total: 7.368400 ms (FindLiveObjects: 0.351700 ms CreateObjectMapping: 0.090400 ms MarkObjects: 6.888200 ms  DeleteObjects: 0.036300 ms)

AssetImportParameters requested are different than current active one (requested -> active):
  custom:framework-win-MediaFoundation: 216162199b28c13a410421893ffa2e32 -> 
  custom:video-decoder-ogg-theora: a1e56fd34408186e4bbccfd4996cb3dc -> 
  custom:container-muxer-webm: aa71ff27fc2769a1b78a27578f13a17b -> 
  custom:container-demuxer-webm: 4f35f7cbe854078d1ac9338744f61a02 -> 
  custom:container-demuxer-ogg: 62fdf1f143b41e24485cea50d1cbac27 -> 
  custom:video-encoder-webm-vp8: eb34c28f22e8b96e1ab97ce403110664 -> 
  custom:video-codec-MediaFoundation-h265: 746d11721c4dcdbdad8f713fa42b33f4 -> 
  custom:video-decoder-webm-vp8: 9c59270c3fd7afecdb556c50c9e8de78 -> 
  custom:graphics/normal-map-encoding: 01000000000000000000000000000000 -> 02000000000000000000000000000000
  custom:audio-decoder-ogg-vorbis: bf7c407c2cedff20999df2af8eb42d56 -> 
  custom:audio-encoder-webm-vorbis: bf7c407c2cedff20999df2af8eb42d56 -> 
========================================================================
Received Import Request.
  Time since last request: 99.264535 seconds.
  path: Assets/Sprites/UI/game_over_PNG15.png
  artifactKey: Guid(e7c264733a4fb5444b6e0145ed03a511) Importer(815301076,1909f56bfc062723c751e8b465ee728b)
Start importing Assets/Sprites/UI/game_over_PNG15.png using Guid(e7c264733a4fb5444b6e0145ed03a511) Importer(815301076,1909f56bfc062723c751e8b465ee728b)  -> (artifact id: 'c620213b0960d773ab564bab82484952') in 0.053145 seconds 
  Import took 0.058284 seconds .

========================================================================
Received Prepare
Registering precompiled user dll's ...
Registered in 0.012633 seconds.
Begin MonoManager ReloadAssembly
Native extension for WindowsStandalone target not found
Native extension for WebGL target not found
Refreshing native plugins compatible for Editor in 0.85 ms, found 2 plugins.
Preloading 0 native plugins for Editor in 0.00 ms.
Mono: successfully reloaded assembly
- Completed reload, in  1.007 seconds
Domain Reload Profiling:
	ReloadAssembly (1007ms)
		BeginReloadAssembly (98ms)
			ExecutionOrderSort (0ms)
			DisableScriptedObjects (4ms)
			BackupInstance (0ms)
			ReleaseScriptingObjects (0ms)
			CreateAndSetChildDomain (32ms)
		EndReloadAssembly (853ms)
			LoadAssemblies (94ms)
			RebuildTransferFunctionScriptingTraits (0ms)
			SetupTypeCache (282ms)
			ReleaseScriptCaches (1ms)
			RebuildScriptCaches (39ms)
			SetupLoadedEditorAssemblies (326ms)
				LogAssemblyErrors (0ms)
				InitializePlatformSupportModulesInManaged (5ms)
				SetLoadedEditorAssemblies (0ms)
				RefreshPlugins (1ms)
				BeforeProcessingInitializeOnLoad (74ms)
				ProcessInitializeOnLoadAttributes (201ms)
				ProcessInitializeOnLoadMethodAttributes (39ms)
				AfterProcessingInitializeOnLoad (6ms)
				EditorAssembliesLoaded (0ms)
			ExecutionOrderSort2 (0ms)
			AwakeInstancesAfterBackupRestoration (6ms)
Platform modules already initialized, skipping
Switching build target platform(19) subTarget(0) extendedPlatform(0) -> platform(13) subTarget(589824) extendedPlatform(0)
Refreshing native plugins compatible for Editor in 0.77 ms, found 2 plugins.
Preloading 0 native plugins for Editor in 0.00 ms.
Unloading 2418 Unused Serialized files (Serialized files now loaded: 0)
System memory in use before: 99.6 MB.
System memory in use after: 99.8 MB.

Unloading 53 unused Assets to reduce memory usage. Loaded Objects now: 2876.
Total: 6.826600 ms (FindLiveObjects: 0.300600 ms CreateObjectMapping: 0.092100 ms MarkObjects: 6.389200 ms  DeleteObjects: 0.042500 ms)

AssetImportParameters requested are different than current active one (requested -> active):
  custom:framework-win-MediaFoundation: 216162199b28c13a410421893ffa2e32 -> 
  custom:video-decoder-ogg-theora: a1e56fd34408186e4bbccfd4996cb3dc -> 
  custom:container-muxer-webm: aa71ff27fc2769a1b78a27578f13a17b -> 
  custom:container-demuxer-webm: 4f35f7cbe854078d1ac9338744f61a02 -> 
  custom:container-demuxer-ogg: 62fdf1f143b41e24485cea50d1cbac27 -> 
  custom:video-encoder-webm-vp8: eb34c28f22e8b96e1ab97ce403110664 -> 
  custom:video-codec-MediaFoundation-h265: 746d11721c4dcdbdad8f713fa42b33f4 -> 
  custom:video-decoder-webm-vp8: 9c59270c3fd7afecdb556c50c9e8de78 -> 
  custom:graphics/normal-map-encoding: 01000000000000000000000000000000 -> 02000000000000000000000000000000
  custom:audio-decoder-ogg-vorbis: bf7c407c2cedff20999df2af8eb42d56 -> 
  custom:audio-encoder-webm-vorbis: bf7c407c2cedff20999df2af8eb42d56 -> 
========================================================================
Received Import Request.
  Time since last request: 901.876874 seconds.
  path: Assets/Prefabs/LevelArt/LevelArt.prefab
  artifactKey: Guid(1cd1bdb2203012a40ab12a0d2fd7aa88) Importer(815301076,1909f56bfc062723c751e8b465ee728b)
Start importing Assets/Prefabs/LevelArt/LevelArt.prefab using Guid(1cd1bdb2203012a40ab12a0d2fd7aa88) Importer(815301076,1909f56bfc062723c751e8b465ee728b)  -> (artifact id: 'bb5bcdfcba13831ad17e4b72d0c33833') in 0.097249 seconds 
  Import took 0.106313 seconds .

========================================================================
Received Import Request.
  Time since last request: 0.941591 seconds.
  path: Assets/Prefabs/LevelArt/CompleteLevelArt.prefab
  artifactKey: Guid(0aac6aef14f064c3fb626270cff2683b) Importer(815301076,1909f56bfc062723c751e8b465ee728b)
Start importing Assets/Prefabs/LevelArt/CompleteLevelArt.prefab using Guid(0aac6aef14f064c3fb626270cff2683b) Importer(815301076,1909f56bfc062723c751e8b465ee728b)  -> (artifact id: '139023d98a69f536633f4f86f2f1826a') in 0.041204 seconds 
  Import took 0.048004 seconds .

========================================================================
Received Prepare
Registering precompiled user dll's ...
Registered in 0.010134 seconds.
Begin MonoManager ReloadAssembly
Native extension for WindowsStandalone target not found
Native extension for WebGL target not found
Refreshing native plugins compatible for Editor in 0.82 ms, found 2 plugins.
Preloading 0 native plugins for Editor in 0.00 ms.
Mono: successfully reloaded assembly
- Completed reload, in  0.935 seconds
Domain Reload Profiling:
	ReloadAssembly (935ms)
		BeginReloadAssembly (103ms)
			ExecutionOrderSort (0ms)
			DisableScriptedObjects (4ms)
			BackupInstance (0ms)
			ReleaseScriptingObjects (0ms)
			CreateAndSetChildDomain (33ms)
		EndReloadAssembly (777ms)
			LoadAssemblies (93ms)
			RebuildTransferFunctionScriptingTraits (0ms)
			SetupTypeCache (252ms)
			ReleaseScriptCaches (1ms)
			RebuildScriptCaches (33ms)
			SetupLoadedEditorAssemblies (292ms)
				LogAssemblyErrors (0ms)
				InitializePlatformSupportModulesInManaged (4ms)
				SetLoadedEditorAssemblies (0ms)
				RefreshPlugins (1ms)
				BeforeProcessingInitializeOnLoad (71ms)
				ProcessInitializeOnLoadAttributes (177ms)
				ProcessInitializeOnLoadMethodAttributes (33ms)
				AfterProcessingInitializeOnLoad (5ms)
				EditorAssembliesLoaded (0ms)
			ExecutionOrderSort2 (0ms)
			AwakeInstancesAfterBackupRestoration (5ms)
Platform modules already initialized, skipping
Switching build target platform(19) subTarget(0) extendedPlatform(0) -> platform(13) subTarget(589824) extendedPlatform(0)
Refreshing native plugins compatible for Editor in 0.79 ms, found 2 plugins.
Preloading 0 native plugins for Editor in 0.00 ms.
Unloading 2418 Unused Serialized files (Serialized files now loaded: 0)
System memory in use before: 99.8 MB.
System memory in use after: 100.1 MB.

Unloading 53 unused Assets to reduce memory usage. Loaded Objects now: 2883.
Total: 6.668800 ms (FindLiveObjects: 0.292800 ms CreateObjectMapping: 0.088700 ms MarkObjects: 6.239000 ms  DeleteObjects: 0.046200 ms)

AssetImportParameters requested are different than current active one (requested -> active):
  custom:framework-win-MediaFoundation: 216162199b28c13a410421893ffa2e32 -> 
  custom:video-decoder-ogg-theora: a1e56fd34408186e4bbccfd4996cb3dc -> 
  custom:container-muxer-webm: aa71ff27fc2769a1b78a27578f13a17b -> 
  custom:container-demuxer-webm: 4f35f7cbe854078d1ac9338744f61a02 -> 
  custom:container-demuxer-ogg: 62fdf1f143b41e24485cea50d1cbac27 -> 
  custom:video-encoder-webm-vp8: eb34c28f22e8b96e1ab97ce403110664 -> 
  custom:video-codec-MediaFoundation-h265: 746d11721c4dcdbdad8f713fa42b33f4 -> 
  custom:video-decoder-webm-vp8: 9c59270c3fd7afecdb556c50c9e8de78 -> 
  custom:graphics/normal-map-encoding: 01000000000000000000000000000000 -> 02000000000000000000000000000000
  custom:audio-decoder-ogg-vorbis: bf7c407c2cedff20999df2af8eb42d56 -> 
  custom:audio-encoder-webm-vorbis: bf7c407c2cedff20999df2af8eb42d56 -> 
========================================================================
Received Prepare
Registering precompiled user dll's ...
Registered in 0.009490 seconds.
Begin MonoManager ReloadAssembly
Native extension for WindowsStandalone target not found
Native extension for WebGL target not found
Refreshing native plugins compatible for Editor in 0.82 ms, found 2 plugins.
Preloading 0 native plugins for Editor in 0.00 ms.
Mono: successfully reloaded assembly
- Completed reload, in  0.939 seconds
Domain Reload Profiling:
	ReloadAssembly (940ms)
		BeginReloadAssembly (108ms)
			ExecutionOrderSort (0ms)
			DisableScriptedObjects (4ms)
			BackupInstance (0ms)
			ReleaseScriptingObjects (0ms)
			CreateAndSetChildDomain (31ms)
		EndReloadAssembly (777ms)
			LoadAssemblies (93ms)
			RebuildTransferFunctionScriptingTraits (0ms)
			SetupTypeCache (252ms)
			ReleaseScriptCaches (1ms)
			RebuildScriptCaches (33ms)
			SetupLoadedEditorAssemblies (294ms)
				LogAssemblyErrors (0ms)
				InitializePlatformSupportModulesInManaged (4ms)
				SetLoadedEditorAssemblies (0ms)
				RefreshPlugins (1ms)
				BeforeProcessingInitializeOnLoad (73ms)
				ProcessInitializeOnLoadAttributes (176ms)
				ProcessInitializeOnLoadMethodAttributes (33ms)
				AfterProcessingInitializeOnLoad (5ms)
				EditorAssembliesLoaded (0ms)
			ExecutionOrderSort2 (0ms)
			AwakeInstancesAfterBackupRestoration (5ms)
Platform modules already initialized, skipping
Switching build target platform(19) subTarget(0) extendedPlatform(0) -> platform(13) subTarget(589824) extendedPlatform(0)
Refreshing native plugins compatible for Editor in 0.77 ms, found 2 plugins.
Preloading 0 native plugins for Editor in 0.00 ms.
Unloading 2418 Unused Serialized files (Serialized files now loaded: 0)
System memory in use before: 99.9 MB.
System memory in use after: 100.1 MB.

Unloading 53 unused Assets to reduce memory usage. Loaded Objects now: 2885.
Total: 7.145000 ms (FindLiveObjects: 0.302700 ms CreateObjectMapping: 0.094300 ms MarkObjects: 6.712700 ms  DeleteObjects: 0.033700 ms)

AssetImportParameters requested are different than current active one (requested -> active):
  custom:framework-win-MediaFoundation: 216162199b28c13a410421893ffa2e32 -> 
  custom:video-decoder-ogg-theora: a1e56fd34408186e4bbccfd4996cb3dc -> 
  custom:container-muxer-webm: aa71ff27fc2769a1b78a27578f13a17b -> 
  custom:container-demuxer-webm: 4f35f7cbe854078d1ac9338744f61a02 -> 
  custom:container-demuxer-ogg: 62fdf1f143b41e24485cea50d1cbac27 -> 
  custom:video-encoder-webm-vp8: eb34c28f22e8b96e1ab97ce403110664 -> 
  custom:video-codec-MediaFoundation-h265: 746d11721c4dcdbdad8f713fa42b33f4 -> 
  custom:video-decoder-webm-vp8: 9c59270c3fd7afecdb556c50c9e8de78 -> 
  custom:graphics/normal-map-encoding: 01000000000000000000000000000000 -> 02000000000000000000000000000000
  custom:audio-decoder-ogg-vorbis: bf7c407c2cedff20999df2af8eb42d56 -> 
  custom:audio-encoder-webm-vorbis: bf7c407c2cedff20999df2af8eb42d56 -> 
========================================================================
Received Prepare
Registering precompiled user dll's ...
Registered in 0.009718 seconds.
Begin MonoManager ReloadAssembly
Native extension for WindowsStandalone target not found
Native extension for WebGL target not found
Refreshing native plugins compatible for Editor in 0.82 ms, found 2 plugins.
Preloading 0 native plugins for Editor in 0.00 ms.
Mono: successfully reloaded assembly
- Completed reload, in  0.944 seconds
Domain Reload Profiling:
	ReloadAssembly (945ms)
		BeginReloadAssembly (106ms)
			ExecutionOrderSort (0ms)
			DisableScriptedObjects (4ms)
			BackupInstance (0ms)
			ReleaseScriptingObjects (0ms)
			CreateAndSetChildDomain (33ms)
		EndReloadAssembly (784ms)
			LoadAssemblies (96ms)
			RebuildTransferFunctionScriptingTraits (0ms)
			SetupTypeCache (258ms)
			ReleaseScriptCaches (1ms)
			RebuildScriptCaches (34ms)
			SetupLoadedEditorAssemblies (285ms)
				LogAssemblyErrors (0ms)
				InitializePlatformSupportModulesInManaged (4ms)
				SetLoadedEditorAssemblies (0ms)
				RefreshPlugins (1ms)
				BeforeProcessingInitializeOnLoad (71ms)
				ProcessInitializeOnLoadAttributes (171ms)
				ProcessInitializeOnLoadMethodAttributes (32ms)
				AfterProcessingInitializeOnLoad (5ms)
				EditorAssembliesLoaded (0ms)
			ExecutionOrderSort2 (0ms)
			AwakeInstancesAfterBackupRestoration (5ms)
Platform modules already initialized, skipping
Switching build target platform(19) subTarget(0) extendedPlatform(0) -> platform(13) subTarget(589824) extendedPlatform(0)
Refreshing native plugins compatible for Editor in 1.02 ms, found 2 plugins.
Preloading 0 native plugins for Editor in 0.00 ms.
Unloading 2418 Unused Serialized files (Serialized files now loaded: 0)
System memory in use before: 99.8 MB.
System memory in use after: 100.0 MB.

Unloading 53 unused Assets to reduce memory usage. Loaded Objects now: 2887.
Total: 6.806600 ms (FindLiveObjects: 0.308400 ms CreateObjectMapping: 0.089500 ms MarkObjects: 6.373000 ms  DeleteObjects: 0.033200 ms)

AssetImportParameters requested are different than current active one (requested -> active):
  custom:framework-win-MediaFoundation: 216162199b28c13a410421893ffa2e32 -> 
  custom:video-decoder-ogg-theora: a1e56fd34408186e4bbccfd4996cb3dc -> 
  custom:container-muxer-webm: aa71ff27fc2769a1b78a27578f13a17b -> 
  custom:container-demuxer-webm: 4f35f7cbe854078d1ac9338744f61a02 -> 
  custom:container-demuxer-ogg: 62fdf1f143b41e24485cea50d1cbac27 -> 
  custom:video-encoder-webm-vp8: eb34c28f22e8b96e1ab97ce403110664 -> 
  custom:video-codec-MediaFoundation-h265: 746d11721c4dcdbdad8f713fa42b33f4 -> 
  custom:video-decoder-webm-vp8: 9c59270c3fd7afecdb556c50c9e8de78 -> 
  custom:graphics/normal-map-encoding: 01000000000000000000000000000000 -> 02000000000000000000000000000000
  custom:audio-decoder-ogg-vorbis: bf7c407c2cedff20999df2af8eb42d56 -> 
  custom:audio-encoder-webm-vorbis: bf7c407c2cedff20999df2af8eb42d56 -> 
========================================================================
Received Import Request.
  Time since last request: 1293.753665 seconds.
  path: Assets/Prefabs/ParticleEffects/ShellExplosion.prefab
  artifactKey: Guid(89e78efe92dfe5a42837b392cdb0bf9e) Importer(815301076,1909f56bfc062723c751e8b465ee728b)
Start importing Assets/Prefabs/ParticleEffects/ShellExplosion.prefab using Guid(89e78efe92dfe5a42837b392cdb0bf9e) Importer(815301076,1909f56bfc062723c751e8b465ee728b)  -> (artifact id: '0eecf1775d6f3d09cba3460e1f062e4f') in 0.099006 seconds 
  Import took 0.104487 seconds .

========================================================================
Received Import Request.
  Time since last request: 0.271556 seconds.
  path: Assets/Prefabs/ParticleEffects/ObjectExplosionEffect.prefab
  artifactKey: Guid(ee49a9a8678ecf8468eb488e1ac8d42b) Importer(815301076,1909f56bfc062723c751e8b465ee728b)
Start importing Assets/Prefabs/ParticleEffects/ObjectExplosionEffect.prefab using Guid(ee49a9a8678ecf8468eb488e1ac8d42b) Importer(815301076,1909f56bfc062723c751e8b465ee728b)  -> (artifact id: '6fe50923c285c3eda0df0b9eeff39c48') in 0.015542 seconds 
  Import took 0.020739 seconds .

========================================================================
Received Import Request.
  Time since last request: 0.526671 seconds.
  path: Assets/Prefabs/ParticleEffects/DustTrail.prefab
  artifactKey: Guid(f7167ad2844254441b40b8a300b4f1fe) Importer(815301076,1909f56bfc062723c751e8b465ee728b)
Start importing Assets/Prefabs/ParticleEffects/DustTrail.prefab using Guid(f7167ad2844254441b40b8a300b4f1fe) Importer(815301076,1909f56bfc062723c751e8b465ee728b)  -> (artifact id: '12241ac89b4effc0bfd913ea13cc6917') in 0.014966 seconds 
  Import took 0.020390 seconds .

========================================================================
Received Import Request.
  Time since last request: 0.000291 seconds.
  path: Assets/Materials/Dust.mat
  artifactKey: Guid(424be3af6ad117140887d3e652a89d24) Importer(815301076,1909f56bfc062723c751e8b465ee728b)
Start importing Assets/Materials/Dust.mat using Guid(424be3af6ad117140887d3e652a89d24) Importer(815301076,1909f56bfc062723c751e8b465ee728b)  -> (artifact id: '1dc8b78d32bb0a81c7f6822476210146') in 0.046317 seconds 
  Import took 0.051442 seconds .

========================================================================
Received Prepare
Registering precompiled user dll's ...
Registered in 0.010693 seconds.
Begin MonoManager ReloadAssembly
Native extension for WindowsStandalone target not found
Native extension for WebGL target not found
Refreshing native plugins compatible for Editor in 0.92 ms, found 2 plugins.
Preloading 0 native plugins for Editor in 0.00 ms.
Mono: successfully reloaded assembly
- Completed reload, in  1.018 seconds
Domain Reload Profiling:
	ReloadAssembly (1019ms)
		BeginReloadAssembly (110ms)
			ExecutionOrderSort (0ms)
			DisableScriptedObjects (4ms)
			BackupInstance (0ms)
			ReleaseScriptingObjects (0ms)
			CreateAndSetChildDomain (37ms)
		EndReloadAssembly (849ms)
			LoadAssemblies (103ms)
			RebuildTransferFunctionScriptingTraits (0ms)
			SetupTypeCache (276ms)
			ReleaseScriptCaches (1ms)
			RebuildScriptCaches (33ms)
			SetupLoadedEditorAssemblies (316ms)
				LogAssemblyErrors (0ms)
				InitializePlatformSupportModulesInManaged (5ms)
				SetLoadedEditorAssemblies (0ms)
				RefreshPlugins (1ms)
				BeforeProcessingInitializeOnLoad (78ms)
				ProcessInitializeOnLoadAttributes (190ms)
				ProcessInitializeOnLoadMethodAttributes (36ms)
				AfterProcessingInitializeOnLoad (6ms)
				EditorAssembliesLoaded (0ms)
			ExecutionOrderSort2 (0ms)
			AwakeInstancesAfterBackupRestoration (6ms)
Platform modules already initialized, skipping
Switching build target platform(19) subTarget(0) extendedPlatform(0) -> platform(13) subTarget(589824) extendedPlatform(0)
Refreshing native plugins compatible for Editor in 0.98 ms, found 2 plugins.
Preloading 0 native plugins for Editor in 0.00 ms.
Unloading 2418 Unused Serialized files (Serialized files now loaded: 0)
System memory in use before: 100.2 MB.
System memory in use after: 100.4 MB.

Unloading 55 unused Assets to reduce memory usage. Loaded Objects now: 2924.
Total: 7.791900 ms (FindLiveObjects: 0.491200 ms CreateObjectMapping: 0.149500 ms MarkObjects: 7.086900 ms  DeleteObjects: 0.062300 ms)

AssetImportParameters requested are different than current active one (requested -> active):
  custom:framework-win-MediaFoundation: 216162199b28c13a410421893ffa2e32 -> 
  custom:video-decoder-ogg-theora: a1e56fd34408186e4bbccfd4996cb3dc -> 
  custom:container-muxer-webm: aa71ff27fc2769a1b78a27578f13a17b -> 
  custom:container-demuxer-webm: 4f35f7cbe854078d1ac9338744f61a02 -> 
  custom:container-demuxer-ogg: 62fdf1f143b41e24485cea50d1cbac27 -> 
  custom:video-encoder-webm-vp8: eb34c28f22e8b96e1ab97ce403110664 -> 
  custom:video-codec-MediaFoundation-h265: 746d11721c4dcdbdad8f713fa42b33f4 -> 
  custom:video-decoder-webm-vp8: 9c59270c3fd7afecdb556c50c9e8de78 -> 
  custom:graphics/normal-map-encoding: 01000000000000000000000000000000 -> 02000000000000000000000000000000
  custom:audio-decoder-ogg-vorbis: bf7c407c2cedff20999df2af8eb42d56 -> 
  custom:audio-encoder-webm-vorbis: bf7c407c2cedff20999df2af8eb42d56 -> 
========================================================================
Received Prepare
Registering precompiled user dll's ...
Registered in 0.010029 seconds.
Begin MonoManager ReloadAssembly
Native extension for WindowsStandalone target not found
Native extension for WebGL target not found
Refreshing native plugins compatible for Editor in 0.85 ms, found 2 plugins.
Preloading 0 native plugins for Editor in 0.00 ms.
Mono: successfully reloaded assembly
- Completed reload, in  0.977 seconds
Domain Reload Profiling:
	ReloadAssembly (977ms)
		BeginReloadAssembly (113ms)
			ExecutionOrderSort (0ms)
			DisableScriptedObjects (4ms)
			BackupInstance (0ms)
			ReleaseScriptingObjects (0ms)
			CreateAndSetChildDomain (33ms)
		EndReloadAssembly (809ms)
			LoadAssemblies (95ms)
			RebuildTransferFunctionScriptingTraits (0ms)
			SetupTypeCache (253ms)
			ReleaseScriptCaches (1ms)
			RebuildScriptCaches (43ms)
			SetupLoadedEditorAssemblies (292ms)
				LogAssemblyErrors (0ms)
				InitializePlatformSupportModulesInManaged (4ms)
				SetLoadedEditorAssemblies (0ms)
				RefreshPlugins (1ms)
				BeforeProcessingInitializeOnLoad (71ms)
				ProcessInitializeOnLoadAttributes (174ms)
				ProcessInitializeOnLoadMethodAttributes (34ms)
				AfterProcessingInitializeOnLoad (7ms)
				EditorAssembliesLoaded (0ms)
			ExecutionOrderSort2 (0ms)
			AwakeInstancesAfterBackupRestoration (5ms)
Platform modules already initialized, skipping
Switching build target platform(19) subTarget(0) extendedPlatform(0) -> platform(13) subTarget(589824) extendedPlatform(0)
Refreshing native plugins compatible for Editor in 0.80 ms, found 2 plugins.
Preloading 0 native plugins for Editor in 0.00 ms.
Unloading 2418 Unused Serialized files (Serialized files now loaded: 0)
System memory in use before: 100.2 MB.
System memory in use after: 100.4 MB.

Unloading 53 unused Assets to reduce memory usage. Loaded Objects now: 2926.
Total: 6.956600 ms (FindLiveObjects: 0.424100 ms CreateObjectMapping: 0.090200 ms MarkObjects: 6.400900 ms  DeleteObjects: 0.039100 ms)

AssetImportParameters requested are different than current active one (requested -> active):
  custom:framework-win-MediaFoundation: 216162199b28c13a410421893ffa2e32 -> 
  custom:video-decoder-ogg-theora: a1e56fd34408186e4bbccfd4996cb3dc -> 
  custom:container-muxer-webm: aa71ff27fc2769a1b78a27578f13a17b -> 
  custom:container-demuxer-webm: 4f35f7cbe854078d1ac9338744f61a02 -> 
  custom:container-demuxer-ogg: 62fdf1f143b41e24485cea50d1cbac27 -> 
  custom:video-encoder-webm-vp8: eb34c28f22e8b96e1ab97ce403110664 -> 
  custom:video-codec-MediaFoundation-h265: 746d11721c4dcdbdad8f713fa42b33f4 -> 
  custom:video-decoder-webm-vp8: 9c59270c3fd7afecdb556c50c9e8de78 -> 
  custom:graphics/normal-map-encoding: 01000000000000000000000000000000 -> 02000000000000000000000000000000
  custom:audio-decoder-ogg-vorbis: bf7c407c2cedff20999df2af8eb42d56 -> 
  custom:audio-encoder-webm-vorbis: bf7c407c2cedff20999df2af8eb42d56 -> 
========================================================================
Received Import Request.
  Time since last request: 1469.826250 seconds.
  path: Assets/TextMesh Pro/Resources/Fonts & Materials/LiberationSans SDF - Fallback.asset
  artifactKey: Guid(2e498d1c8094910479dc3e1b768306a4) Importer(815301076,1909f56bfc062723c751e8b465ee728b)
Start importing Assets/TextMesh Pro/Resources/Fonts & Materials/LiberationSans SDF - Fallback.asset using Guid(2e498d1c8094910479dc3e1b768306a4) Importer(815301076,1909f56bfc062723c751e8b465ee728b)  -> (artifact id: 'b8c2210586957436df79bf961aeff06e') in 0.144401 seconds 
  Import took 0.150333 seconds .

========================================================================
Received Import Request.
  Time since last request: 1.938095 seconds.
  path: Assets/TextMesh Pro/Resources/Fonts & Materials/LiberationSans SDF.asset
  artifactKey: Guid(8f586378b4e144a9851e7b34d9b748ee) Importer(815301076,1909f56bfc062723c751e8b465ee728b)
Start importing Assets/TextMesh Pro/Resources/Fonts & Materials/LiberationSans SDF.asset using Guid(8f586378b4e144a9851e7b34d9b748ee) Importer(815301076,1909f56bfc062723c751e8b465ee728b)  -> (artifact id: 'f1280cc7be10b532b2897fc8654f95d3') in 0.047304 seconds 
  Import took 0.052853 seconds .

========================================================================
Received Import Request.
  Time since last request: 3403.467490 seconds.
  path: Assets/DualCorStudios/CamoUI Desert/Editor/CrossPlatformInput
  artifactKey: Guid(41e4f29e5dee9ec48a2538955ef1de71) Importer(815301076,1909f56bfc062723c751e8b465ee728b)
Start importing Assets/DualCorStudios/CamoUI Desert/Editor/CrossPlatformInput using Guid(41e4f29e5dee9ec48a2538955ef1de71) Importer(815301076,1909f56bfc062723c751e8b465ee728b)  -> (artifact id: 'baa7718a1d4a2e9f2cd3da5da44b3025') in 0.017512 seconds 
  Import took 0.134969 seconds .

========================================================================
Received Import Request.
  Time since last request: 3.712820 seconds.
  path: Assets/DualCorStudios/CamoUI Desert/Editor/CrossPlatformInput/CrossPlatformInputInitialize.cs
  artifactKey: Guid(db7667203062c644ea1877077e30ebd6) Importer(815301076,1909f56bfc062723c751e8b465ee728b)
Start importing Assets/DualCorStudios/CamoUI Desert/Editor/CrossPlatformInput/CrossPlatformInputInitialize.cs using Guid(db7667203062c644ea1877077e30ebd6) Importer(815301076,1909f56bfc062723c751e8b465ee728b)  -> (artifact id: 'fc85b1e931e8d17b433aecb98871b4e1') in 0.034916 seconds 
  Import took 0.039742 seconds .

========================================================================
Received Import Request.
  Time since last request: 25.525340 seconds.
  path: Assets/TextMesh Pro
  artifactKey: Guid(f54d1bd14bd3ca042bd867b519fee8cc) Importer(815301076,1909f56bfc062723c751e8b465ee728b)
Start importing Assets/TextMesh Pro using Guid(f54d1bd14bd3ca042bd867b519fee8cc) Importer(815301076,1909f56bfc062723c751e8b465ee728b)  -> (artifact id: '16b4cbde9565bf190136f1148817e1ea') in 0.005548 seconds 
  Import took 0.011663 seconds .

========================================================================
Received Import Request.
  Time since last request: 2.613605 seconds.
  path: Assets/DualCorStudios
  artifactKey: Guid(59be1349882846a4c92b2f71bdb07b0d) Importer(815301076,1909f56bfc062723c751e8b465ee728b)
Start importing Assets/DualCorStudios using Guid(59be1349882846a4c92b2f71bdb07b0d) Importer(815301076,1909f56bfc062723c751e8b465ee728b)  -> (artifact id: 'f9034e63903743591d72b7cbb1a96741') in 0.005653 seconds 
  Import took 0.011107 seconds .

========================================================================
Received Import Request.
  Time since last request: 2.394974 seconds.
  path: Assets/DualCorStudios/CamoUI Desert/Accents
  artifactKey: Guid(a78c2784d40230241bc4b2cce09c0567) Importer(815301076,1909f56bfc062723c751e8b465ee728b)
Start importing Assets/DualCorStudios/CamoUI Desert/Accents using Guid(a78c2784d40230241bc4b2cce09c0567) Importer(815301076,1909f56bfc062723c751e8b465ee728b)  -> (artifact id: 'aecd691a734fb2d75c7bb03e7ddd8156') in 0.004754 seconds 
  Import took 0.009575 seconds .

========================================================================
Received Import Request.
  Time since last request: 1.406991 seconds.
  path: Assets/DualCorStudios/CamoUI Desert/Accents/HeaderBackground.png
  artifactKey: Guid(06b1d8195945d9b449453f54aac98f93) Importer(815301076,1909f56bfc062723c751e8b465ee728b)
Start importing Assets/DualCorStudios/CamoUI Desert/Accents/HeaderBackground.png using Guid(06b1d8195945d9b449453f54aac98f93) Importer(815301076,1909f56bfc062723c751e8b465ee728b)  -> (artifact id: 'b586672f59b88d18a22770f7169973fe') in 0.230552 seconds 
  Import took 0.234353 seconds .

========================================================================
Received Import Request.
  Time since last request: 6.720912 seconds.
  path: Assets/DualCorStudios/CamoUI Desert/Backdrops/Background.png
  artifactKey: Guid(e58daef5d8e6325438b5984bb3381161) Importer(815301076,1909f56bfc062723c751e8b465ee728b)
Start importing Assets/DualCorStudios/CamoUI Desert/Backdrops/Background.png using Guid(e58daef5d8e6325438b5984bb3381161) Importer(815301076,1909f56bfc062723c751e8b465ee728b)  -> (artifact id: 'a0b4f9d659c125daf012c5b5fbf1839d') in 0.057940 seconds 
  Import took 0.063642 seconds .

========================================================================
Received Import Request.
  Time since last request: 9.482380 seconds.
  path: Assets/DualCorStudios/CamoUI Desert/Backgrounds
  artifactKey: Guid(d8b860117a463f043bd5190a383a08e6) Importer(815301076,1909f56bfc062723c751e8b465ee728b)
Start importing Assets/DualCorStudios/CamoUI Desert/Backgrounds using Guid(d8b860117a463f043bd5190a383a08e6) Importer(815301076,1909f56bfc062723c751e8b465ee728b)  -> (artifact id: 'e830883920400ff7366cf29466d0e584') in 0.004634 seconds 
  Import took 0.009281 seconds .

========================================================================
Received Import Request.
  Time since last request: 1.473471 seconds.
  path: Assets/DualCorStudios/CamoUI Desert/Backgrounds/HorizontalPanel.png
  artifactKey: Guid(cc950961d8611c64bb8730c63d09ab7a) Importer(815301076,1909f56bfc062723c751e8b465ee728b)
Start importing Assets/DualCorStudios/CamoUI Desert/Backgrounds/HorizontalPanel.png using Guid(cc950961d8611c64bb8730c63d09ab7a) Importer(815301076,1909f56bfc062723c751e8b465ee728b)  -> (artifact id: 'b33cd16475826378700a95c5b24b1bcc') in 0.038838 seconds 
  Import took 0.042976 seconds .

========================================================================
Received Import Request.
  Time since last request: 1.102116 seconds.
  path: Assets/DualCorStudios/CamoUI Desert/Backgrounds/PanelBack.png
  artifactKey: Guid(28f677a36a8a40b438198b5172d84463) Importer(815301076,1909f56bfc062723c751e8b465ee728b)
Start importing Assets/DualCorStudios/CamoUI Desert/Backgrounds/PanelBack.png using Guid(28f677a36a8a40b438198b5172d84463) Importer(815301076,1909f56bfc062723c751e8b465ee728b)  -> (artifact id: '0c899a0bde914f372f9231e289f2109e') in 0.025467 seconds 
  Import took 0.029832 seconds .

========================================================================
Received Import Request.
  Time since last request: 0.544231 seconds.
  path: Assets/DualCorStudios/CamoUI Desert/Backgrounds/PanelBackDark.png
  artifactKey: Guid(feafd6c861611104db24f6141d496472) Importer(815301076,1909f56bfc062723c751e8b465ee728b)
Start importing Assets/DualCorStudios/CamoUI Desert/Backgrounds/PanelBackDark.png using Guid(feafd6c861611104db24f6141d496472) Importer(815301076,1909f56bfc062723c751e8b465ee728b)  -> (artifact id: 'bc475c46b790862b5d444ab687e21444') in 0.024001 seconds 
  Import took 0.028634 seconds .

========================================================================
Received Import Request.
  Time since last request: 10.718130 seconds.
  path: Assets/DualCorStudios/CamoUI Desert/Editor
  artifactKey: Guid(58797fa68c573ad42bcd8d285f5c38e4) Importer(815301076,1909f56bfc062723c751e8b465ee728b)
Start importing Assets/DualCorStudios/CamoUI Desert/Editor using Guid(58797fa68c573ad42bcd8d285f5c38e4) Importer(815301076,1909f56bfc062723c751e8b465ee728b)  -> (artifact id: '5c491fd1ea40afd6a285f055e4f9afc6') in 0.006414 seconds 
  Import took 0.011678 seconds .

========================================================================
Received Prepare
Registering precompiled user dll's ...
Registered in 0.023877 seconds.
Begin MonoManager ReloadAssembly
Native extension for WindowsStandalone target not found
Native extension for WebGL target not found
Refreshing native plugins compatible for Editor in 1.03 ms, found 2 plugins.
Preloading 0 native plugins for Editor in 0.00 ms.
Mono: successfully reloaded assembly
- Completed reload, in  1.973 seconds
Domain Reload Profiling:
	ReloadAssembly (1979ms)
		BeginReloadAssembly (880ms)
			ExecutionOrderSort (0ms)
			DisableScriptedObjects (72ms)
			BackupInstance (0ms)
			ReleaseScriptingObjects (0ms)
			CreateAndSetChildDomain (563ms)
		EndReloadAssembly (1018ms)
			LoadAssemblies (196ms)
			RebuildTransferFunctionScriptingTraits (1ms)
			SetupTypeCache (321ms)
			ReleaseScriptCaches (2ms)
			RebuildScriptCaches (37ms)
			SetupLoadedEditorAssemblies (334ms)
				LogAssemblyErrors (0ms)
				InitializePlatformSupportModulesInManaged (6ms)
				SetLoadedEditorAssemblies (1ms)
				RefreshPlugins (1ms)
				BeforeProcessingInitializeOnLoad (81ms)
				ProcessInitializeOnLoadAttributes (203ms)
				ProcessInitializeOnLoadMethodAttributes (37ms)
				AfterProcessingInitializeOnLoad (6ms)
				EditorAssembliesLoaded (0ms)
			ExecutionOrderSort2 (0ms)
			AwakeInstancesAfterBackupRestoration (6ms)
Platform modules already initialized, skipping
Switching build target platform(19) subTarget(0) extendedPlatform(0) -> platform(13) subTarget(589824) extendedPlatform(0)
Refreshing native plugins compatible for Editor in 0.77 ms, found 2 plugins.
Preloading 0 native plugins for Editor in 0.00 ms.
Unloading 2429 Unused Serialized files (Serialized files now loaded: 0)
System memory in use before: 100.5 MB.
System memory in use after: 100.7 MB.

Unloading 53 unused Assets to reduce memory usage. Loaded Objects now: 2948.
Total: 7.087300 ms (FindLiveObjects: 0.293600 ms CreateObjectMapping: 0.089600 ms MarkObjects: 6.485700 ms  DeleteObjects: 0.216500 ms)

AssetImportParameters requested are different than current active one (requested -> active):
  custom:framework-win-MediaFoundation: 216162199b28c13a410421893ffa2e32 -> 
  custom:video-decoder-ogg-theora: a1e56fd34408186e4bbccfd4996cb3dc -> 
  custom:container-muxer-webm: aa71ff27fc2769a1b78a27578f13a17b -> 
  custom:container-demuxer-webm: 4f35f7cbe854078d1ac9338744f61a02 -> 
  custom:container-demuxer-ogg: 62fdf1f143b41e24485cea50d1cbac27 -> 
  custom:video-encoder-webm-vp8: eb34c28f22e8b96e1ab97ce403110664 -> 
  custom:video-codec-MediaFoundation-h265: 746d11721c4dcdbdad8f713fa42b33f4 -> 
  custom:video-decoder-webm-vp8: 9c59270c3fd7afecdb556c50c9e8de78 -> 
  custom:graphics/normal-map-encoding: 01000000000000000000000000000000 -> 02000000000000000000000000000000
  custom:audio-decoder-ogg-vorbis: bf7c407c2cedff20999df2af8eb42d56 -> 
  custom:audio-encoder-webm-vorbis: bf7c407c2cedff20999df2af8eb42d56 -> 
========================================================================
Received Import Request.
  Time since last request: 15.438664 seconds.
  path: Assets/DualCorStudios/CamoUI Desert/Joystick/Hat.png
  artifactKey: Guid(b2353367bcb734e4e9b91f49014b7876) Importer(815301076,1909f56bfc062723c751e8b465ee728b)
Start importing Assets/DualCorStudios/CamoUI Desert/Joystick/Hat.png using Guid(b2353367bcb734e4e9b91f49014b7876) Importer(815301076,1909f56bfc062723c751e8b465ee728b)  -> (artifact id: 'ef46e394a92fc12d00c46953580c51eb') in 0.055806 seconds 
  Import took 0.060160 seconds .

========================================================================
Received Import Request.
  Time since last request: 0.000241 seconds.
  path: Assets/DualCorStudios/CamoUI Desert/Joystick/Directional.png
  artifactKey: Guid(503d389b218848241995e8c7761f26dc) Importer(815301076,1909f56bfc062723c751e8b465ee728b)
Start importing Assets/DualCorStudios/CamoUI Desert/Joystick/Directional.png using Guid(503d389b218848241995e8c7761f26dc) Importer(815301076,1909f56bfc062723c751e8b465ee728b)  -> (artifact id: 'f6f1bff8809d18404546e41b06ef84e0') in 0.019295 seconds 
  Import took 0.024252 seconds .

========================================================================
Received Import Request.
  Time since last request: 16.194357 seconds.
  path: Assets/DualCorStudios/CamoUI Desert/Prefabs/ActionButton.prefab
  artifactKey: Guid(39fedb59e2788534b959c7b00a68be3e) Importer(815301076,1909f56bfc062723c751e8b465ee728b)
Start importing Assets/DualCorStudios/CamoUI Desert/Prefabs/ActionButton.prefab using Guid(39fedb59e2788534b959c7b00a68be3e) Importer(815301076,1909f56bfc062723c751e8b465ee728b)  -> (artifact id: '1006ea25b5df90082d868c005fae0e4d') in 0.026604 seconds 
  Import took 0.031501 seconds .

========================================================================
Received Import Request.
  Time since last request: 2.417959 seconds.
  path: Assets/DualCorStudios/CamoUI Desert/Prefabs/Cancel.prefab
  artifactKey: Guid(ac70821d7c6b99344b0f5f5b87f4ddb6) Importer(815301076,1909f56bfc062723c751e8b465ee728b)
Start importing Assets/DualCorStudios/CamoUI Desert/Prefabs/Cancel.prefab using Guid(ac70821d7c6b99344b0f5f5b87f4ddb6) Importer(815301076,1909f56bfc062723c751e8b465ee728b)  -> (artifact id: '6e0c0f86e8352a97d273d6357ed68152') in 0.008206 seconds 
  Import took 0.012716 seconds .

========================================================================
Received Import Request.
  Time since last request: 0.714169 seconds.
  path: Assets/DualCorStudios/CamoUI Desert/Prefabs/Dialog.prefab
  artifactKey: Guid(1f03810340bc45a45b95dcb51496a8a4) Importer(815301076,1909f56bfc062723c751e8b465ee728b)
Start importing Assets/DualCorStudios/CamoUI Desert/Prefabs/Dialog.prefab using Guid(1f03810340bc45a45b95dcb51496a8a4) Importer(815301076,1909f56bfc062723c751e8b465ee728b)  -> (artifact id: 'a3386a31074ef006e7f4b61a3113748f') in 0.013902 seconds 
  Import took 0.018938 seconds .

========================================================================
Received Import Request.
  Time since last request: 1.734476 seconds.
  path: Assets/DualCorStudios/CamoUI Desert/Prefabs/InputField.prefab
  artifactKey: Guid(bb2466f01fc0dbf4a93b76fd3ceb67cd) Importer(815301076,1909f56bfc062723c751e8b465ee728b)
Start importing Assets/DualCorStudios/CamoUI Desert/Prefabs/InputField.prefab using Guid(bb2466f01fc0dbf4a93b76fd3ceb67cd) Importer(815301076,1909f56bfc062723c751e8b465ee728b)  -> (artifact id: 'eabd27dd82d42634d9fbf3eb93ff5b86') in 0.013995 seconds 
  Import took 0.018197 seconds .

========================================================================
Received Import Request.
  Time since last request: 1.315262 seconds.
  path: Assets/DualCorStudios/CamoUI Desert/Prefabs/MainMenu.prefab
  artifactKey: Guid(91a9b200c65178946a54ea852f475528) Importer(815301076,1909f56bfc062723c751e8b465ee728b)
Start importing Assets/DualCorStudios/CamoUI Desert/Prefabs/MainMenu.prefab using Guid(91a9b200c65178946a54ea852f475528) Importer(815301076,1909f56bfc062723c751e8b465ee728b)  -> (artifact id: '98450547ddbc64012e028ec4944e5721') in 0.010517 seconds 
  Import took 0.015935 seconds .

========================================================================
Received Import Request.
  Time since last request: 2.947566 seconds.
  path: Assets/DualCorStudios/CamoUI Desert/Prefabs/Ok.prefab
  artifactKey: Guid(3de6fcf6f34034f48b8c2b5da9c757c8) Importer(815301076,1909f56bfc062723c751e8b465ee728b)
Start importing Assets/DualCorStudios/CamoUI Desert/Prefabs/Ok.prefab using Guid(3de6fcf6f34034f48b8c2b5da9c757c8) Importer(815301076,1909f56bfc062723c751e8b465ee728b)  -> (artifact id: 'fd84bd1e4b6cb8a48aae0d22bf7bcc0b') in 0.008516 seconds 
  Import took 0.013459 seconds .

========================================================================
Received Import Request.
  Time since last request: 1.238567 seconds.
  path: Assets/DualCorStudios/CamoUI Desert/Prefabs/PauseButton.prefab
  artifactKey: Guid(fafeb79a5bbaf764897640dc7b59d079) Importer(815301076,1909f56bfc062723c751e8b465ee728b)
Start importing Assets/DualCorStudios/CamoUI Desert/Prefabs/PauseButton.prefab using Guid(fafeb79a5bbaf764897640dc7b59d079) Importer(815301076,1909f56bfc062723c751e8b465ee728b)  -> (artifact id: 'bdc9dfbd832b142a55bbea0b3c31f2f5') in 0.009250 seconds 
  Import took 0.013734 seconds .

========================================================================
Received Import Request.
  Time since last request: 0.783492 seconds.
  path: Assets/DualCorStudios/CamoUI Desert/Prefabs/RectButton.prefab
  artifactKey: Guid(e12a1781ba93b36459d6af217c2b5860) Importer(815301076,1909f56bfc062723c751e8b465ee728b)
Start importing Assets/DualCorStudios/CamoUI Desert/Prefabs/RectButton.prefab using Guid(e12a1781ba93b36459d6af217c2b5860) Importer(815301076,1909f56bfc062723c751e8b465ee728b)  -> (artifact id: '6cf9065159707ab49fadb497b8c53967') in 0.009113 seconds 
  Import took 0.013814 seconds .

========================================================================
Received Import Request.
  Time since last request: 0.764001 seconds.
  path: Assets/DualCorStudios/CamoUI Desert/Prefabs/SettingsButton.prefab
  artifactKey: Guid(ce1a0160a33229341ab47456a2289c3b) Importer(815301076,1909f56bfc062723c751e8b465ee728b)
Start importing Assets/DualCorStudios/CamoUI Desert/Prefabs/SettingsButton.prefab using Guid(ce1a0160a33229341ab47456a2289c3b) Importer(815301076,1909f56bfc062723c751e8b465ee728b)  -> (artifact id: '576d4ef24b393d2bdf63c06587db8752') in 0.008402 seconds 
  Import took 0.013283 seconds .

========================================================================
Received Import Request.
  Time since last request: 2.737376 seconds.
  path: Assets/DualCorStudios/CamoUI Desert/Prefabs
  artifactKey: Guid(508c3e6d610b9c144bc46f81a5b70cfc) Importer(815301076,1909f56bfc062723c751e8b465ee728b)
Start importing Assets/DualCorStudios/CamoUI Desert/Prefabs using Guid(508c3e6d610b9c144bc46f81a5b70cfc) Importer(815301076,1909f56bfc062723c751e8b465ee728b)  -> (artifact id: 'fad3eecea6f72bbaa9cc51c6441301d8') in 0.004163 seconds 
  Import took 0.009016 seconds .

========================================================================
Received Import Request.
  Time since last request: 1.663475 seconds.
  path: Assets/DualCorStudios/CamoUI Desert/Standard Assets
  artifactKey: Guid(80286de56a7da2a4782428a3dd059fa9) Importer(815301076,1909f56bfc062723c751e8b465ee728b)
Start importing Assets/DualCorStudios/CamoUI Desert/Standard Assets using Guid(80286de56a7da2a4782428a3dd059fa9) Importer(815301076,1909f56bfc062723c751e8b465ee728b)  -> (artifact id: '99ce0d7f4fce916f373cd6939288657d') in 0.003642 seconds 
  Import took 0.008627 seconds .

========================================================================
Received Import Request.
  Time since last request: 1.519320 seconds.
  path: Assets/DualCorStudios/CamoUI Desert/Standard Assets/CrossPlatformInput
  artifactKey: Guid(eb6d0d11aa24844488ea026462c8b6aa) Importer(815301076,1909f56bfc062723c751e8b465ee728b)
Start importing Assets/DualCorStudios/CamoUI Desert/Standard Assets/CrossPlatformInput using Guid(eb6d0d11aa24844488ea026462c8b6aa) Importer(815301076,1909f56bfc062723c751e8b465ee728b)  -> (artifact id: 'd24fe9fc499f02881aaa720feb77b88e') in 0.003131 seconds 
  Import took 0.007892 seconds .

========================================================================
Received Import Request.
  Time since last request: 1.255127 seconds.
  path: Assets/DualCorStudios/CamoUI Desert/Standard Assets/CrossPlatformInput/Prefabs
  artifactKey: Guid(f030ca9293dfc164c8bc07b982e19f38) Importer(815301076,1909f56bfc062723c751e8b465ee728b)
Start importing Assets/DualCorStudios/CamoUI Desert/Standard Assets/CrossPlatformInput/Prefabs using Guid(f030ca9293dfc164c8bc07b982e19f38) Importer(815301076,1909f56bfc062723c751e8b465ee728b)  -> (artifact id: '2854bb233e30a9a74a27aa95674dc9d0') in 0.003140 seconds 
  Import took 0.008609 seconds .

========================================================================
Received Import Request.
  Time since last request: 1.016242 seconds.
  path: Assets/DualCorStudios/CamoUI Desert/Standard Assets/CrossPlatformInput/Prefabs/CarTiltControls.prefab
  artifactKey: Guid(174090ae7f9eff84abe76f0ff062efac) Importer(815301076,1909f56bfc062723c751e8b465ee728b)
Start importing Assets/DualCorStudios/CamoUI Desert/Standard Assets/CrossPlatformInput/Prefabs/CarTiltControls.prefab using Guid(174090ae7f9eff84abe76f0ff062efac) Importer(815301076,1909f56bfc062723c751e8b465ee728b)  -> (artifact id: '5ba8e89189c140622ee433a115969282') in 0.010747 seconds 
  Import took 0.015282 seconds .

========================================================================
Received Import Request.
  Time since last request: 1.420830 seconds.
  path: Assets/DualCorStudios/CamoUI Desert/Standard Assets/CrossPlatformInput/Prefabs/DualTouchControls.prefab
  artifactKey: Guid(2169821f0567671499a5c10104c69c24) Importer(815301076,1909f56bfc062723c751e8b465ee728b)
Start importing Assets/DualCorStudios/CamoUI Desert/Standard Assets/CrossPlatformInput/Prefabs/DualTouchControls.prefab using Guid(2169821f0567671499a5c10104c69c24) Importer(815301076,1909f56bfc062723c751e8b465ee728b)  -> (artifact id: 'ea05646ec2ab1a40c0a494c0e5074534') in 0.013879 seconds 
  Import took 0.018576 seconds .

========================================================================
Received Import Request.
  Time since last request: 0.745061 seconds.
  path: Assets/DualCorStudios/CamoUI Desert/Standard Assets/CrossPlatformInput/Prefabs/MobileAircraftControls.prefab
  artifactKey: Guid(3369231b1ed7ad34e84d9240a571db81) Importer(815301076,1909f56bfc062723c751e8b465ee728b)
Start importing Assets/DualCorStudios/CamoUI Desert/Standard Assets/CrossPlatformInput/Prefabs/MobileAircraftControls.prefab using Guid(3369231b1ed7ad34e84d9240a571db81) Importer(815301076,1909f56bfc062723c751e8b465ee728b)  -> (artifact id: 'e57f74d1225ebaf6ff1af146ed4b8366') in 0.015778 seconds 
  Import took 0.020544 seconds .

========================================================================
Received Prepare
Registering precompiled user dll's ...
Registered in 0.009717 seconds.
Begin MonoManager ReloadAssembly
Native extension for WindowsStandalone target not found
Native extension for WebGL target not found
Refreshing native plugins compatible for Editor in 0.81 ms, found 2 plugins.
Preloading 0 native plugins for Editor in 0.00 ms.
Mono: successfully reloaded assembly
- Completed reload, in  0.988 seconds
Domain Reload Profiling:
	ReloadAssembly (989ms)
		BeginReloadAssembly (125ms)
			ExecutionOrderSort (0ms)
			DisableScriptedObjects (5ms)
			BackupInstance (0ms)
			ReleaseScriptingObjects (0ms)
			CreateAndSetChildDomain (40ms)
		EndReloadAssembly (806ms)
			LoadAssemblies (102ms)
			RebuildTransferFunctionScriptingTraits (0ms)
			SetupTypeCache (250ms)
			ReleaseScriptCaches (1ms)
			RebuildScriptCaches (33ms)
			SetupLoadedEditorAssemblies (289ms)
				LogAssemblyErrors (0ms)
				InitializePlatformSupportModulesInManaged (4ms)
				SetLoadedEditorAssemblies (0ms)
				RefreshPlugins (1ms)
				BeforeProcessingInitializeOnLoad (70ms)
				ProcessInitializeOnLoadAttributes (175ms)
				ProcessInitializeOnLoadMethodAttributes (33ms)
				AfterProcessingInitializeOnLoad (6ms)
				EditorAssembliesLoaded (0ms)
			ExecutionOrderSort2 (0ms)
			AwakeInstancesAfterBackupRestoration (6ms)
Platform modules already initialized, skipping
Switching build target platform(19) subTarget(0) extendedPlatform(0) -> platform(13) subTarget(589824) extendedPlatform(0)
Refreshing native plugins compatible for Editor in 0.77 ms, found 2 plugins.
Preloading 0 native plugins for Editor in 0.00 ms.
Unloading 2418 Unused Serialized files (Serialized files now loaded: 0)
System memory in use before: 100.4 MB.
System memory in use after: 100.6 MB.

Unloading 64 unused Assets to reduce memory usage. Loaded Objects now: 2942.
Total: 6.305100 ms (FindLiveObjects: 0.284500 ms CreateObjectMapping: 0.088700 ms MarkObjects: 5.890000 ms  DeleteObjects: 0.040200 ms)

AssetImportParameters requested are different than current active one (requested -> active):
  custom:framework-win-MediaFoundation: 216162199b28c13a410421893ffa2e32 -> 
  custom:video-decoder-ogg-theora: a1e56fd34408186e4bbccfd4996cb3dc -> 
  custom:container-muxer-webm: aa71ff27fc2769a1b78a27578f13a17b -> 
  custom:container-demuxer-webm: 4f35f7cbe854078d1ac9338744f61a02 -> 
  custom:container-demuxer-ogg: 62fdf1f143b41e24485cea50d1cbac27 -> 
  custom:video-encoder-webm-vp8: eb34c28f22e8b96e1ab97ce403110664 -> 
  custom:video-codec-MediaFoundation-h265: 746d11721c4dcdbdad8f713fa42b33f4 -> 
  custom:video-decoder-webm-vp8: 9c59270c3fd7afecdb556c50c9e8de78 -> 
  custom:graphics/normal-map-encoding: 01000000000000000000000000000000 -> 02000000000000000000000000000000
  custom:audio-decoder-ogg-vorbis: bf7c407c2cedff20999df2af8eb42d56 -> 
  custom:audio-encoder-webm-vorbis: bf7c407c2cedff20999df2af8eb42d56 -> 
========================================================================
Received Import Request.
  Time since last request: 252.681391 seconds.
  path: Assets/DualCorStudios/CamoUI Desert/Icons/checkmark.png
  artifactKey: Guid(3bb1e493d2351494594622db07d8954e) Importer(815301076,1909f56bfc062723c751e8b465ee728b)
Start importing Assets/DualCorStudios/CamoUI Desert/Icons/checkmark.png using Guid(3bb1e493d2351494594622db07d8954e) Importer(815301076,1909f56bfc062723c751e8b465ee728b)  -> (artifact id: '1f22ef8af4b3a9756fc5a5c7ac3a8a98') in 0.056205 seconds 
  Import took 0.061393 seconds .

========================================================================
Received Import Request.
  Time since last request: 1.620470 seconds.
  path: Assets/DualCorStudios/CamoUI Desert/Icons/cross.png
  artifactKey: Guid(0736ce0fcf1d8a4468f8459a0f35540a) Importer(815301076,1909f56bfc062723c751e8b465ee728b)
Start importing Assets/DualCorStudios/CamoUI Desert/Icons/cross.png using Guid(0736ce0fcf1d8a4468f8459a0f35540a) Importer(815301076,1909f56bfc062723c751e8b465ee728b)  -> (artifact id: '9c454d811fb4df5b4905a47ca7c9fdec') in 0.019903 seconds 
  Import took 0.026079 seconds .

========================================================================
Received Import Request.
  Time since last request: 3.038152 seconds.
  path: Assets/DualCorStudios/CamoUI Desert/Fonts/BlackOpsOne.ttf
  artifactKey: Guid(de38026a41105c9468f8fb6093ae49f9) Importer(815301076,1909f56bfc062723c751e8b465ee728b)
Start importing Assets/DualCorStudios/CamoUI Desert/Fonts/BlackOpsOne.ttf using Guid(de38026a41105c9468f8fb6093ae49f9) Importer(815301076,1909f56bfc062723c751e8b465ee728b)  -> (artifact id: '42ca75d040473e0ff5aa5ca7f8b6b52c') in 0.061033 seconds 
  Import took 0.065726 seconds .

========================================================================
Received Import Request.
  Time since last request: 62.660282 seconds.
  path: Assets/DualCorStudios/CamoUI Desert/Buttons/LargeButton.png
  artifactKey: Guid(7939cec60950a9c469e873c0b63f855a) Importer(815301076,1909f56bfc062723c751e8b465ee728b)
Start importing Assets/DualCorStudios/CamoUI Desert/Buttons/LargeButton.png using Guid(7939cec60950a9c469e873c0b63f855a) Importer(815301076,1909f56bfc062723c751e8b465ee728b)  -> (artifact id: 'b93d133ed68671e0eaedd62e9da05173') in 0.024929 seconds 
  Import took 0.029370 seconds .

========================================================================
Received Import Request.
  Time since last request: 1.103208 seconds.
  path: Assets/DualCorStudios/CamoUI Desert/Buttons/LargeButtonPressed.png
  artifactKey: Guid(5d00b2dbd9c35a74daae2959e5bad0d8) Importer(815301076,1909f56bfc062723c751e8b465ee728b)
Start importing Assets/DualCorStudios/CamoUI Desert/Buttons/LargeButtonPressed.png using Guid(5d00b2dbd9c35a74daae2959e5bad0d8) Importer(815301076,1909f56bfc062723c751e8b465ee728b)  -> (artifact id: 'f1b77708870c38c290acafc28c2daf6f') in 0.024252 seconds 
  Import took 0.028585 seconds .

========================================================================
Received Import Request.
  Time since last request: 0.499233 seconds.
  path: Assets/DualCorStudios/CamoUI Desert/Buttons/LargeButtonSelected.png
  artifactKey: Guid(d7039c5747ec4d84885fa6e85647a29a) Importer(815301076,1909f56bfc062723c751e8b465ee728b)
Start importing Assets/DualCorStudios/CamoUI Desert/Buttons/LargeButtonSelected.png using Guid(d7039c5747ec4d84885fa6e85647a29a) Importer(815301076,1909f56bfc062723c751e8b465ee728b)  -> (artifact id: '6e9c9dbcea87c4010432f6147273880b') in 0.023767 seconds 
  Import took 0.028365 seconds .

========================================================================
Received Import Request.
  Time since last request: 0.619437 seconds.
  path: Assets/DualCorStudios/CamoUI Desert/Buttons/RectButtonHighlight.png
  artifactKey: Guid(ca65cae32c707014f89c87f3cc8600ea) Importer(815301076,1909f56bfc062723c751e8b465ee728b)
Start importing Assets/DualCorStudios/CamoUI Desert/Buttons/RectButtonHighlight.png using Guid(ca65cae32c707014f89c87f3cc8600ea) Importer(815301076,1909f56bfc062723c751e8b465ee728b)  -> (artifact id: '1e8a43cbd2455ce562c4a69365046a28') in 0.019164 seconds 
  Import took 0.023773 seconds .

========================================================================
Received Import Request.
  Time since last request: 0.510887 seconds.
  path: Assets/DualCorStudios/CamoUI Desert/Buttons/RectButton.png
  artifactKey: Guid(fe73f29f11c78574f911a344469cd7a9) Importer(815301076,1909f56bfc062723c751e8b465ee728b)
Start importing Assets/DualCorStudios/CamoUI Desert/Buttons/RectButton.png using Guid(fe73f29f11c78574f911a344469cd7a9) Importer(815301076,1909f56bfc062723c751e8b465ee728b)  -> (artifact id: 'e38596f940d85d3b4730011eda047bb3') in 0.017320 seconds 
  Import took 0.022364 seconds .

========================================================================
Received Import Request.
  Time since last request: 0.891756 seconds.
  path: Assets/DualCorStudios/CamoUI Desert/Buttons/RoundButton.png
  artifactKey: Guid(aa6b96ab500ccd94b82f2091726c8cd1) Importer(815301076,1909f56bfc062723c751e8b465ee728b)
Start importing Assets/DualCorStudios/CamoUI Desert/Buttons/RoundButton.png using Guid(aa6b96ab500ccd94b82f2091726c8cd1) Importer(815301076,1909f56bfc062723c751e8b465ee728b)  -> (artifact id: '4883e6c2bd0eef71e8b2b93e1b81096b') in 0.023638 seconds 
  Import took 0.028596 seconds .

========================================================================
Received Import Request.
  Time since last request: 3.178426 seconds.
  path: Assets/DualCorStudios/CamoUI Desert/Buttons/SquareButton.png
  artifactKey: Guid(765bff89c1a9da84d8f31349f00b9a37) Importer(815301076,1909f56bfc062723c751e8b465ee728b)
Start importing Assets/DualCorStudios/CamoUI Desert/Buttons/SquareButton.png using Guid(765bff89c1a9da84d8f31349f00b9a37) Importer(815301076,1909f56bfc062723c751e8b465ee728b)  -> (artifact id: '5923490601cbe8c64122b301facf47b4') in 0.022281 seconds 
  Import took 0.026984 seconds .

========================================================================
Received Import Request.
  Time since last request: 0.594332 seconds.
  path: Assets/DualCorStudios/CamoUI Desert/Buttons/SquareButtonPressed.png
  artifactKey: Guid(f301bfc7d61431d47b04739a8a1d0f3d) Importer(815301076,1909f56bfc062723c751e8b465ee728b)
Start importing Assets/DualCorStudios/CamoUI Desert/Buttons/SquareButtonPressed.png using Guid(f301bfc7d61431d47b04739a8a1d0f3d) Importer(815301076,1909f56bfc062723c751e8b465ee728b)  -> (artifact id: '3b42e47bd8b3b6c688b5a592b3b15781') in 0.023420 seconds 
  Import took 0.028637 seconds .

========================================================================
Received Prepare
Registering precompiled user dll's ...
Registered in 0.010828 seconds.
Begin MonoManager ReloadAssembly
Native extension for WindowsStandalone target not found
Native extension for WebGL target not found
Refreshing native plugins compatible for Editor in 0.78 ms, found 2 plugins.
Preloading 0 native plugins for Editor in 0.00 ms.
Mono: successfully reloaded assembly
- Completed reload, in  1.002 seconds
Domain Reload Profiling:
	ReloadAssembly (1002ms)
		BeginReloadAssembly (100ms)
			ExecutionOrderSort (0ms)
			DisableScriptedObjects (4ms)
			BackupInstance (0ms)
			ReleaseScriptingObjects (0ms)
			CreateAndSetChildDomain (33ms)
		EndReloadAssembly (848ms)
			LoadAssemblies (96ms)
			RebuildTransferFunctionScriptingTraits (0ms)
			SetupTypeCache (252ms)
			ReleaseScriptCaches (1ms)
			RebuildScriptCaches (33ms)
			SetupLoadedEditorAssemblies (294ms)
				LogAssemblyErrors (0ms)
				InitializePlatformSupportModulesInManaged (5ms)
				SetLoadedEditorAssemblies (0ms)
				RefreshPlugins (1ms)
				BeforeProcessingInitializeOnLoad (78ms)
				ProcessInitializeOnLoadAttributes (171ms)
				ProcessInitializeOnLoadMethodAttributes (32ms)
				AfterProcessingInitializeOnLoad (5ms)
				EditorAssembliesLoaded (0ms)
			ExecutionOrderSort2 (0ms)
			AwakeInstancesAfterBackupRestoration (5ms)
Platform modules already initialized, skipping
Switching build target platform(19) subTarget(0) extendedPlatform(0) -> platform(13) subTarget(589824) extendedPlatform(0)
Refreshing native plugins compatible for Editor in 0.84 ms, found 2 plugins.
Preloading 0 native plugins for Editor in 0.00 ms.
Unloading 2418 Unused Serialized files (Serialized files now loaded: 0)
System memory in use before: 100.3 MB.
System memory in use after: 100.6 MB.

Unloading 53 unused Assets to reduce memory usage. Loaded Objects now: 2949.
Total: 7.523500 ms (FindLiveObjects: 0.610100 ms CreateObjectMapping: 0.069200 ms MarkObjects: 6.794000 ms  DeleteObjects: 0.045500 ms)

AssetImportParameters requested are different than current active one (requested -> active):
  custom:framework-win-MediaFoundation: 216162199b28c13a410421893ffa2e32 -> 
  custom:video-decoder-ogg-theora: a1e56fd34408186e4bbccfd4996cb3dc -> 
  custom:container-muxer-webm: aa71ff27fc2769a1b78a27578f13a17b -> 
  custom:container-demuxer-webm: 4f35f7cbe854078d1ac9338744f61a02 -> 
  custom:container-demuxer-ogg: 62fdf1f143b41e24485cea50d1cbac27 -> 
  custom:video-encoder-webm-vp8: eb34c28f22e8b96e1ab97ce403110664 -> 
  custom:video-codec-MediaFoundation-h265: 746d11721c4dcdbdad8f713fa42b33f4 -> 
  custom:video-decoder-webm-vp8: 9c59270c3fd7afecdb556c50c9e8de78 -> 
  custom:graphics/normal-map-encoding: 01000000000000000000000000000000 -> 02000000000000000000000000000000
  custom:audio-decoder-ogg-vorbis: bf7c407c2cedff20999df2af8eb42d56 -> 
  custom:audio-encoder-webm-vorbis: bf7c407c2cedff20999df2af8eb42d56 -> 
